This is pdfTeX, Version 3.14159265-2.6-1.40.21 (TeX Live 2020) (preloaded format=pdflatex 2020.4.7)  5 MAR 2023 17:20
entering extended mode
 restricted \write18 enabled.
 file:line:error style messages enabled.
 %&-line parsing enabled.
**cmv1_supplementary_materials.tex
(./cmv1_supplementary_materials.tex
LaTeX2e <2020-02-02> patch level 5
L3 programming layer <2020-03-06>
(/usr/local/texlive/2020/texmf-dist/tex/latex/base/article.cls
Document Class: article 2019/12/20 v1.4l Standard LaTeX document class
(/usr/local/texlive/2020/texmf-dist/tex/latex/base/size10.clo
File: size10.clo 2019/12/20 v1.4l Standard LaTeX file (size option)
)
\c@part=\count167
\c@section=\count168
\c@subsection=\count169
\c@subsubsection=\count170
\c@paragraph=\count171
\c@subparagraph=\count172
\c@figure=\count173
\c@table=\count174
\abovecaptionskip=\skip47
\belowcaptionskip=\skip48
\bibindent=\dimen134
)
(/usr/local/texlive/2020/texmf-dist/tex/latex/geometry/geometry.sty
Package: geometry 2020/01/02 v5.9 Page Geometry

(/usr/local/texlive/2020/texmf-dist/tex/latex/graphics/keyval.sty
Package: keyval 2014/10/28 v1.15 key=value parser (DPC)
\KV@toks@=\toks15
)
(/usr/local/texlive/2020/texmf-dist/tex/generic/iftex/ifvtex.sty
Package: ifvtex 2019/10/25 v1.7 ifvtex legacy package. Use iftex instead.

(/usr/local/texlive/2020/texmf-dist/tex/generic/iftex/iftex.sty
Package: iftex 2020/03/06 v1.0d TeX engine tests
))
\Gm@cnth=\count175
\Gm@cntv=\count176
\c@Gm@tempcnt=\count177
\Gm@bindingoffset=\dimen135
\Gm@wd@mp=\dimen136
\Gm@odd@mp=\dimen137
\Gm@even@mp=\dimen138
\Gm@layoutwidth=\dimen139
\Gm@layoutheight=\dimen140
\Gm@layouthoffset=\dimen141
\Gm@layoutvoffset=\dimen142
\Gm@dimlist=\toks16
)
(/usr/local/texlive/2020/texmf-dist/tex/latex/base/textcomp.sty
Package: textcomp 2020/02/02 v2.0n Standard LaTeX package
)
(/usr/local/texlive/2020/texmf-dist/tex/latex/graphics/graphicx.sty
Package: graphicx 2019/11/30 v1.2a Enhanced LaTeX Graphics (DPC,SPQR)

(/usr/local/texlive/2020/texmf-dist/tex/latex/graphics/graphics.sty
Package: graphics 2019/11/30 v1.4a Standard LaTeX Graphics (DPC,SPQR)

(/usr/local/texlive/2020/texmf-dist/tex/latex/graphics/trig.sty
Package: trig 2016/01/03 v1.10 sin cos tan (DPC)
)
(/usr/local/texlive/2020/texmf-dist/tex/latex/graphics-cfg/graphics.cfg
File: graphics.cfg 2016/06/04 v1.11 sample graphics configuration
)
Package graphics Info: Driver file: pdftex.def on input line 105.

(/usr/local/texlive/2020/texmf-dist/tex/latex/graphics-def/pdftex.def
File: pdftex.def 2018/01/08 v1.0l Graphics/color driver for pdftex
))
\Gin@req@height=\dimen143
\Gin@req@width=\dimen144
)
(/usr/local/texlive/2020/texmf-dist/tex/latex/caption/caption.sty
Package: caption 2020/01/03 v3.4h Customizing captions (AR)

(/usr/local/texlive/2020/texmf-dist/tex/latex/caption/caption3.sty
Package: caption3 2020/01/03 v1.8h caption3 kernel (AR)
Package caption3 Info: TeX engine: e-TeX on input line 61.
\captionmargin=\dimen145
\captionmargin@=\dimen146
\captionwidth=\dimen147
\caption@tempdima=\dimen148
\caption@indent=\dimen149
\caption@parindent=\dimen150
\caption@hangindent=\dimen151
Package caption Info: Standard document class detected.
)
\c@caption@flags=\count178
\c@continuedfloat=\count179
)
(/usr/local/texlive/2020/texmf-dist/tex/latex/caption/subcaption.sty
Package: subcaption 2020/01/22 v1.3d Sub-captions (AR)
\c@subfigure=\count180
\c@subtable=\count181
)
(/usr/local/texlive/2020/texmf-dist/tex/latex/graphics/color.sty
Package: color 2019/11/23 v1.2a Standard LaTeX Color (DPC)

(/usr/local/texlive/2020/texmf-dist/tex/latex/graphics-cfg/color.cfg
File: color.cfg 2016/01/02 v1.6 sample color configuration
)
Package color Info: Driver file: pdftex.def on input line 147.
)
(/usr/local/texlive/2020/texmf-dist/tex/latex/amsfonts/amssymb.sty
Package: amssymb 2013/01/14 v3.01 AMS font symbols

(/usr/local/texlive/2020/texmf-dist/tex/latex/amsfonts/amsfonts.sty
Package: amsfonts 2013/01/14 v3.01 Basic AMSFonts support
\@emptytoks=\toks17
\symAMSa=\mathgroup4
\symAMSb=\mathgroup5
LaTeX Font Info:    Redeclaring math symbol \hbar on input line 98.
LaTeX Font Info:    Overwriting math alphabet `\mathfrak' in version `bold'
(Font)                  U/euf/m/n --> U/euf/b/n on input line 106.
))
(/usr/local/texlive/2020/texmf-dist/tex/latex/amscls/amsthm.sty
Package: amsthm 2017/10/31 v2.20.4
\thm@style=\toks18
\thm@bodyfont=\toks19
\thm@headfont=\toks20
\thm@notefont=\toks21
\thm@headpunct=\toks22
\thm@preskip=\skip49
\thm@postskip=\skip50
\thm@headsep=\skip51
\dth@everypar=\toks23
)
(/usr/local/texlive/2020/texmf-dist/tex/latex/listings/listings.sty
\lst@mode=\count182
\lst@gtempboxa=\box45
\lst@token=\toks24
\lst@length=\count183
\lst@currlwidth=\dimen152
\lst@column=\count184
\lst@pos=\count185
\lst@lostspace=\dimen153
\lst@width=\dimen154
\lst@newlines=\count186
\lst@lineno=\count187
\lst@maxwidth=\dimen155

(/usr/local/texlive/2020/texmf-dist/tex/latex/listings/lstmisc.sty
File: lstmisc.sty 2020/03/24 1.8d (Carsten Heinz)
\c@lstnumber=\count188
\lst@skipnumbers=\count189
\lst@framebox=\box46
)
(/usr/local/texlive/2020/texmf-dist/tex/latex/listings/listings.cfg
File: listings.cfg 2020/03/24 1.8d listings configuration
))
Package: listings 2020/03/24 1.8d (Carsten Heinz)

(/usr/local/texlive/2020/texmf-dist/tex/latex/url/url.sty
\Urlmuskip=\muskip16
Package: url 2013/09/16  ver 3.4  Verb mode for urls, etc.
)
\c@theorem=\count190
\c@definition=\count191

(/usr/local/texlive/2020/texmf-dist/tex/latex/natbib/natbib.sty
Package: natbib 2010/09/13 8.31b (PWD, AO)
\bibhang=\skip52
\bibsep=\skip53
LaTeX Info: Redefining \cite on input line 694.
\c@NAT@ctr=\count192
)
(/usr/local/texlive/2020/texmf-dist/tex/latex/xcolor/xcolor.sty
Package: xcolor 2016/05/11 v2.12 LaTeX color extensions (UK)

(/usr/local/texlive/2020/texmf-dist/tex/latex/graphics-cfg/color.cfg
File: color.cfg 2016/01/02 v1.6 sample color configuration
)
Package xcolor Info: Driver file: pdftex.def on input line 225.
LaTeX Info: Redefining \color on input line 709.
Package xcolor Info: Model `cmy' substituted by `cmy0' on input line 1348.
Package xcolor Info: Model `hsb' substituted by `rgb' on input line 1352.
Package xcolor Info: Model `RGB' extended on input line 1364.
Package xcolor Info: Model `HTML' substituted by `rgb' on input line 1366.
Package xcolor Info: Model `Hsb' substituted by `hsb' on input line 1367.
Package xcolor Info: Model `tHsb' substituted by `hsb' on input line 1368.
Package xcolor Info: Model `HSB' substituted by `hsb' on input line 1369.
Package xcolor Info: Model `Gray' substituted by `gray' on input line 1370.
Package xcolor Info: Model `wave' substituted by `hsb' on input line 1371.
)
(/usr/local/texlive/2020/texmf-dist/tex/latex/algorithmicx/algpseudocode.sty
Package: algpseudocode 

(/usr/local/texlive/2020/texmf-dist/tex/latex/base/ifthen.sty
Package: ifthen 2014/09/29 v1.1c Standard LaTeX ifthen package (DPC)
)
(/usr/local/texlive/2020/texmf-dist/tex/latex/algorithmicx/algorithmicx.sty
Package: algorithmicx 2005/04/27 v1.2 Algorithmicx

Document Style algorithmicx 1.2 - a greatly improved `algorithmic' style
\c@ALG@line=\count193
\c@ALG@rem=\count194
\c@ALG@nested=\count195
\ALG@tlm=\skip54
\ALG@thistlm=\skip55
\c@ALG@Lnr=\count196
\c@ALG@blocknr=\count197
\c@ALG@storecount=\count198
\c@ALG@tmpcounter=\count199
\ALG@tmplength=\skip56
)
Document Style - pseudocode environments for use with the `algorithmicx' style
) (/usr/local/texlive/2020/texmf-dist/tex/latex/algorithms/algorithm.sty
Package: algorithm 2009/08/24 v0.1 Document Style `algorithm' - floating enviro
nment

(/usr/local/texlive/2020/texmf-dist/tex/latex/float/float.sty
Package: float 2001/11/08 v1.3d Float enhancements (AL)
\c@float@type=\count266
\float@exts=\toks25
\float@box=\box47
\@float@everytoks=\toks26
\@floatcapt=\box48
)
\@float@every@algorithm=\toks27
\c@algorithm=\count267
)
(/usr/local/texlive/2020/texmf-dist/tex/latex/hyperref/hyperref.sty
Package: hyperref 2020/01/14 v7.00d Hypertext links for LaTeX

(/usr/local/texlive/2020/texmf-dist/tex/generic/ltxcmds/ltxcmds.sty
Package: ltxcmds 2019/12/15 v1.24 LaTeX kernel commands for general use (HO)
)
(/usr/local/texlive/2020/texmf-dist/tex/latex/pdftexcmds/pdftexcmds.sty
Package: pdftexcmds 2019/11/24 v0.31 Utility functions of pdfTeX for LuaTeX (HO
)

(/usr/local/texlive/2020/texmf-dist/tex/generic/infwarerr/infwarerr.sty
Package: infwarerr 2019/12/03 v1.5 Providing info/warning/error messages (HO)
)
Package pdftexcmds Info: \pdf@primitive is available.
Package pdftexcmds Info: \pdf@ifprimitive is available.
Package pdftexcmds Info: \pdfdraftmode found.
)
(/usr/local/texlive/2020/texmf-dist/tex/generic/kvsetkeys/kvsetkeys.sty
Package: kvsetkeys 2019/12/15 v1.18 Key value parser (HO)
)
(/usr/local/texlive/2020/texmf-dist/tex/generic/kvdefinekeys/kvdefinekeys.sty
Package: kvdefinekeys 2019-12-19 v1.6 Define keys (HO)
)
(/usr/local/texlive/2020/texmf-dist/tex/generic/pdfescape/pdfescape.sty
Package: pdfescape 2019/12/09 v1.15 Implements pdfTeX's escape features (HO)
)
(/usr/local/texlive/2020/texmf-dist/tex/latex/hycolor/hycolor.sty
Package: hycolor 2020-01-27 v1.10 Color options for hyperref/bookmark (HO)
)
(/usr/local/texlive/2020/texmf-dist/tex/latex/letltxmacro/letltxmacro.sty
Package: letltxmacro 2019/12/03 v1.6 Let assignment for LaTeX macros (HO)
)
(/usr/local/texlive/2020/texmf-dist/tex/latex/auxhook/auxhook.sty
Package: auxhook 2019-12-17 v1.6 Hooks for auxiliary files (HO)
)
(/usr/local/texlive/2020/texmf-dist/tex/latex/kvoptions/kvoptions.sty
Package: kvoptions 2019/11/29 v3.13 Key value format for package options (HO)
)
\@linkdim=\dimen156
\Hy@linkcounter=\count268
\Hy@pagecounter=\count269

(/usr/local/texlive/2020/texmf-dist/tex/latex/hyperref/pd1enc.def
File: pd1enc.def 2020/01/14 v7.00d Hyperref: PDFDocEncoding definition (HO)
Now handling font encoding PD1 ...
... no UTF-8 mapping file for font encoding PD1
)
(/usr/local/texlive/2020/texmf-dist/tex/generic/intcalc/intcalc.sty
Package: intcalc 2019/12/15 v1.3 Expandable calculations with integers (HO)
)
(/usr/local/texlive/2020/texmf-dist/tex/generic/etexcmds/etexcmds.sty
Package: etexcmds 2019/12/15 v1.7 Avoid name clashes with e-TeX commands (HO)
)
\Hy@SavedSpaceFactor=\count270
Package hyperref Info: Hyper figures OFF on input line 4547.
Package hyperref Info: Link nesting OFF on input line 4552.
Package hyperref Info: Hyper index ON on input line 4555.
Package hyperref Info: Plain pages OFF on input line 4562.
Package hyperref Info: Backreferencing OFF on input line 4567.
Package hyperref Info: Implicit mode ON; LaTeX internals redefined.
Package hyperref Info: Bookmarks ON on input line 4800.
\c@Hy@tempcnt=\count271
LaTeX Info: Redefining \url on input line 5159.
\XeTeXLinkMargin=\dimen157

(/usr/local/texlive/2020/texmf-dist/tex/generic/bitset/bitset.sty
Package: bitset 2019/12/09 v1.3 Handle bit-vector datatype (HO)

(/usr/local/texlive/2020/texmf-dist/tex/generic/bigintcalc/bigintcalc.sty
Package: bigintcalc 2019/12/15 v1.5 Expandable calculations on big integers (HO
)
))
\Fld@menulength=\count272
\Field@Width=\dimen158
\Fld@charsize=\dimen159
Package hyperref Info: Hyper figures OFF on input line 6430.
Package hyperref Info: Link nesting OFF on input line 6435.
Package hyperref Info: Hyper index ON on input line 6438.
Package hyperref Info: backreferencing OFF on input line 6445.
Package hyperref Info: Link coloring OFF on input line 6450.
Package hyperref Info: Link coloring with OCG OFF on input line 6455.
Package hyperref Info: PDF/A mode OFF on input line 6460.
LaTeX Info: Redefining \ref on input line 6500.
LaTeX Info: Redefining \pageref on input line 6504.

(/usr/local/texlive/2020/texmf-dist/tex/generic/atbegshi/atbegshi.sty
Package: atbegshi 2019/12/05 v1.19 At begin shipout hook (HO)
)
\Hy@abspage=\count273
\c@Item=\count274
\c@Hfootnote=\count275
)
Package hyperref Info: Driver (autodetected): hpdftex.

(/usr/local/texlive/2020/texmf-dist/tex/latex/hyperref/hpdftex.def
File: hpdftex.def 2020/01/14 v7.00d Hyperref driver for pdfTeX

(/usr/local/texlive/2020/texmf-dist/tex/latex/atveryend/atveryend.sty
Package: atveryend 2019-12-11 v1.11 Hooks at the very end of document (HO)
Package atveryend Info: \enddocument detected (standard20110627).
)
\Fld@listcount=\count276
\c@bookmark@seq@number=\count277

(/usr/local/texlive/2020/texmf-dist/tex/latex/rerunfilecheck/rerunfilecheck.sty
Package: rerunfilecheck 2019/12/05 v1.9 Rerun checks for auxiliary files (HO)

(/usr/local/texlive/2020/texmf-dist/tex/generic/uniquecounter/uniquecounter.sty
Package: uniquecounter 2019/12/15 v1.4 Provide unlimited unique counter (HO)
)
Package uniquecounter Info: New unique counter `rerunfilecheck' on input line 2
86.
)
\Hy@SectionHShift=\skip57
) (/usr/local/texlive/2020/texmf-dist/tex/latex/preprint/authblk.sty
Package: authblk 2001/02/27 1.3 (PWD)
\affilsep=\skip58
\@affilsep=\skip59
\c@Maxaffil=\count278
\c@authors=\count279
\c@affil=\count280
)
(/usr/local/texlive/2020/texmf-dist/tex/latex/graphics/rotating.sty
Package: rotating 2016/08/11 v2.16d rotated objects in LaTeX
\c@r@tfl@t=\count281
\rotFPtop=\skip60
\rotFPbot=\skip61
\rot@float@box=\box49
\rot@mess@toks=\toks28
)
(/usr/local/texlive/2020/texmf-dist/tex/latex/adjustbox/adjustbox.sty
Package: adjustbox 2019/01/04 v1.2 Adjusting TeX boxes (trim, clip, ...)

(/usr/local/texlive/2020/texmf-dist/tex/latex/xkeyval/xkeyval.sty
Package: xkeyval 2014/12/03 v2.7a package option processing (HA)

(/usr/local/texlive/2020/texmf-dist/tex/generic/xkeyval/xkeyval.tex
(/usr/local/texlive/2020/texmf-dist/tex/generic/xkeyval/xkvutils.tex
\XKV@toks=\toks29
\XKV@tempa@toks=\toks30
)
\XKV@depth=\count282
File: xkeyval.tex 2014/12/03 v2.7a key=value parser (HA)
))
(/usr/local/texlive/2020/texmf-dist/tex/latex/adjustbox/adjcalc.sty
Package: adjcalc 2012/05/16 v1.1 Provides advanced setlength with multiple back
-ends (calc, etex, pgfmath)
)
(/usr/local/texlive/2020/texmf-dist/tex/latex/adjustbox/trimclip.sty
Package: trimclip 2018/04/08 v1.1 Trim and clip general TeX material

(/usr/local/texlive/2020/texmf-dist/tex/latex/collectbox/collectbox.sty
Package: collectbox 2012/05/17 v0.4b Collect macro arguments as boxes
\collectedbox=\box50
)
\tc@llx=\dimen160
\tc@lly=\dimen161
\tc@urx=\dimen162
\tc@ury=\dimen163
Package trimclip Info: Using driver 'tc-pdftex.def'.

(/usr/local/texlive/2020/texmf-dist/tex/latex/adjustbox/tc-pdftex.def
File: tc-pdftex.def 2019/01/04 v2.2 Clipping driver for pdftex
))
\adjbox@Width=\dimen164
\adjbox@Height=\dimen165
\adjbox@Depth=\dimen166
\adjbox@Totalheight=\dimen167
\adjbox@pwidth=\dimen168
\adjbox@pheight=\dimen169
\adjbox@pdepth=\dimen170
\adjbox@ptotalheight=\dimen171

(/usr/local/texlive/2020/texmf-dist/tex/latex/ifoddpage/ifoddpage.sty
Package: ifoddpage 2016/04/23 v1.1 Conditionals for odd/even page detection
\c@checkoddpage=\count283
)
(/usr/local/texlive/2020/texmf-dist/tex/latex/varwidth/varwidth.sty
Package: varwidth 2009/03/30 ver 0.92;  Variable-width minipages
\@vwid@box=\box51
\sift@deathcycles=\count284
\@vwid@loff=\dimen172
\@vwid@roff=\dimen173
))
(/usr/local/texlive/2020/texmf-dist/tex/latex/changes/changes.sty
Package: changes 2019/11/17 v3.2.1 changes package

*** changes package 2019/11/17 v3.2.1 ***
(/usr/local/texlive/2020/texmf-dist/tex/latex/xifthen/xifthen.sty
Package: xifthen 2015/11/05 v1.4.0 Extended ifthen features

(/usr/local/texlive/2020/texmf-dist/tex/latex/tools/calc.sty
Package: calc 2017/05/25 v4.3 Infix arithmetic (KKT,FJ)
\calc@Acount=\count285
\calc@Bcount=\count286
\calc@Adimen=\dimen174
\calc@Bdimen=\dimen175
\calc@Askip=\skip62
\calc@Bskip=\skip63
LaTeX Info: Redefining \setlength on input line 80.
LaTeX Info: Redefining \addtolength on input line 81.
\calc@Ccount=\count287
\calc@Cskip=\skip64
)
(/usr/local/texlive/2020/texmf-dist/tex/latex/ifmtarg/ifmtarg.sty
Package: ifmtarg 2018/04/16 v1.2b check for an empty argument
))
(/usr/local/texlive/2020/texmf-dist/tex/generic/xstring/xstring.sty
(/usr/local/texlive/2020/texmf-dist/tex/generic/xstring/xstring.tex
\integerpart=\count288
\decimalpart=\count289
)
Package: xstring 2019/02/06 v1.83 String manipulations (CT)
)
ulem-option 'normalem,normalbf', passed to package ulem
truncate-option 'breakall,fit', passed to package truncate
(/usr/local/texlive/2020/texmf-dist/tex/generic/ulem/ulem.sty
\UL@box=\box52
\UL@hyphenbox=\box53
\UL@skip=\skip65
\UL@hook=\toks31
\UL@height=\dimen176
\UL@pe=\count290
\UL@pixel=\dimen177
\ULC@box=\box54
Package: ulem 2019/11/18
\ULdepth=\dimen178
)
(/usr/local/texlive/2020/texmf-dist/tex/latex/todonotes/todonotes.sty
Package: todonotes 2019/01/24 v1.1.2 Todonotes source and documentation.
Package: todonotes 2018/11/22

(/usr/local/texlive/2020/texmf-dist/tex/latex/pgf/frontendlayer/tikz.sty
(/usr/local/texlive/2020/texmf-dist/tex/latex/pgf/basiclayer/pgf.sty
(/usr/local/texlive/2020/texmf-dist/tex/latex/pgf/utilities/pgfrcs.sty
(/usr/local/texlive/2020/texmf-dist/tex/generic/pgf/utilities/pgfutil-common.te
x
\pgfutil@everybye=\toks32
\pgfutil@tempdima=\dimen179
\pgfutil@tempdimb=\dimen180

(/usr/local/texlive/2020/texmf-dist/tex/generic/pgf/utilities/pgfutil-common-li
sts.tex))
(/usr/local/texlive/2020/texmf-dist/tex/generic/pgf/utilities/pgfutil-latex.def
\pgfutil@abb=\box55
(/usr/local/texlive/2020/texmf-dist/tex/latex/ms/everyshi.sty
Package: everyshi 2001/05/15 v3.00 EveryShipout Package (MS)
))
(/usr/local/texlive/2020/texmf-dist/tex/generic/pgf/utilities/pgfrcs.code.tex
(/usr/local/texlive/2020/texmf-dist/tex/generic/pgf/pgf.revision.tex)
Package: pgfrcs 2020/01/08 v3.1.5b (3.1.5b)
))
Package: pgf 2020/01/08 v3.1.5b (3.1.5b)

(/usr/local/texlive/2020/texmf-dist/tex/latex/pgf/basiclayer/pgfcore.sty
(/usr/local/texlive/2020/texmf-dist/tex/latex/pgf/systemlayer/pgfsys.sty
(/usr/local/texlive/2020/texmf-dist/tex/generic/pgf/systemlayer/pgfsys.code.tex
Package: pgfsys 2020/01/08 v3.1.5b (3.1.5b)
(/usr/local/texlive/2020/texmf-dist/tex/generic/pgf/utilities/pgfkeys.code.tex
\pgfkeys@pathtoks=\toks33
\pgfkeys@temptoks=\toks34

(/usr/local/texlive/2020/texmf-dist/tex/generic/pgf/utilities/pgfkeysfiltered.c
ode.tex
\pgfkeys@tmptoks=\toks35
))
\pgf@x=\dimen181
\pgf@y=\dimen182
\pgf@xa=\dimen183
\pgf@ya=\dimen184
\pgf@xb=\dimen185
\pgf@yb=\dimen186
\pgf@xc=\dimen187
\pgf@yc=\dimen188
\pgf@xd=\dimen189
\pgf@yd=\dimen190
\w@pgf@writea=\write3
\r@pgf@reada=\read2
\c@pgf@counta=\count291
\c@pgf@countb=\count292
\c@pgf@countc=\count293
\c@pgf@countd=\count294
\t@pgf@toka=\toks36
\t@pgf@tokb=\toks37
\t@pgf@tokc=\toks38
\pgf@sys@id@count=\count295

(/usr/local/texlive/2020/texmf-dist/tex/generic/pgf/systemlayer/pgf.cfg
File: pgf.cfg 2020/01/08 v3.1.5b (3.1.5b)
)
Driver file for pgf: pgfsys-pdftex.def

(/usr/local/texlive/2020/texmf-dist/tex/generic/pgf/systemlayer/pgfsys-pdftex.d
ef
File: pgfsys-pdftex.def 2020/01/08 v3.1.5b (3.1.5b)

(/usr/local/texlive/2020/texmf-dist/tex/generic/pgf/systemlayer/pgfsys-common-p
df.def
File: pgfsys-common-pdf.def 2020/01/08 v3.1.5b (3.1.5b)
)))
(/usr/local/texlive/2020/texmf-dist/tex/generic/pgf/systemlayer/pgfsyssoftpath.
code.tex
File: pgfsyssoftpath.code.tex 2020/01/08 v3.1.5b (3.1.5b)
\pgfsyssoftpath@smallbuffer@items=\count296
\pgfsyssoftpath@bigbuffer@items=\count297
)
(/usr/local/texlive/2020/texmf-dist/tex/generic/pgf/systemlayer/pgfsysprotocol.
code.tex
File: pgfsysprotocol.code.tex 2020/01/08 v3.1.5b (3.1.5b)
))
(/usr/local/texlive/2020/texmf-dist/tex/generic/pgf/basiclayer/pgfcore.code.tex
Package: pgfcore 2020/01/08 v3.1.5b (3.1.5b)
(/usr/local/texlive/2020/texmf-dist/tex/generic/pgf/math/pgfmath.code.tex
(/usr/local/texlive/2020/texmf-dist/tex/generic/pgf/math/pgfmathcalc.code.tex
(/usr/local/texlive/2020/texmf-dist/tex/generic/pgf/math/pgfmathutil.code.tex)
(/usr/local/texlive/2020/texmf-dist/tex/generic/pgf/math/pgfmathparser.code.tex
\pgfmath@dimen=\dimen191
\pgfmath@count=\count298
\pgfmath@box=\box56
\pgfmath@toks=\toks39
\pgfmath@stack@operand=\toks40
\pgfmath@stack@operation=\toks41
)
(/usr/local/texlive/2020/texmf-dist/tex/generic/pgf/math/pgfmathfunctions.code.
tex
(/usr/local/texlive/2020/texmf-dist/tex/generic/pgf/math/pgfmathfunctions.basic
.code.tex)
(/usr/local/texlive/2020/texmf-dist/tex/generic/pgf/math/pgfmathfunctions.trigo
nometric.code.tex)
(/usr/local/texlive/2020/texmf-dist/tex/generic/pgf/math/pgfmathfunctions.rando
m.code.tex)
(/usr/local/texlive/2020/texmf-dist/tex/generic/pgf/math/pgfmathfunctions.compa
rison.code.tex)
(/usr/local/texlive/2020/texmf-dist/tex/generic/pgf/math/pgfmathfunctions.base.
code.tex)
(/usr/local/texlive/2020/texmf-dist/tex/generic/pgf/math/pgfmathfunctions.round
.code.tex)
(/usr/local/texlive/2020/texmf-dist/tex/generic/pgf/math/pgfmathfunctions.misc.
code.tex)
(/usr/local/texlive/2020/texmf-dist/tex/generic/pgf/math/pgfmathfunctions.integ
erarithmetics.code.tex)))
(/usr/local/texlive/2020/texmf-dist/tex/generic/pgf/math/pgfmathfloat.code.tex
\c@pgfmathroundto@lastzeros=\count299
)) (/usr/local/texlive/2020/texmf-dist/tex/generic/pgf/math/pgfint.code.tex)
(/usr/local/texlive/2020/texmf-dist/tex/generic/pgf/basiclayer/pgfcorepoints.co
de.tex
File: pgfcorepoints.code.tex 2020/01/08 v3.1.5b (3.1.5b)
\pgf@picminx=\dimen192
\pgf@picmaxx=\dimen193
\pgf@picminy=\dimen194
\pgf@picmaxy=\dimen195
\pgf@pathminx=\dimen196
\pgf@pathmaxx=\dimen197
\pgf@pathminy=\dimen198
\pgf@pathmaxy=\dimen199
\pgf@xx=\dimen256
\pgf@xy=\dimen257
\pgf@yx=\dimen258
\pgf@yy=\dimen259
\pgf@zx=\dimen260
\pgf@zy=\dimen261
)
(/usr/local/texlive/2020/texmf-dist/tex/generic/pgf/basiclayer/pgfcorepathconst
ruct.code.tex
File: pgfcorepathconstruct.code.tex 2020/01/08 v3.1.5b (3.1.5b)
\pgf@path@lastx=\dimen262
\pgf@path@lasty=\dimen263
)
(/usr/local/texlive/2020/texmf-dist/tex/generic/pgf/basiclayer/pgfcorepathusage
.code.tex
File: pgfcorepathusage.code.tex 2020/01/08 v3.1.5b (3.1.5b)
\pgf@shorten@end@additional=\dimen264
\pgf@shorten@start@additional=\dimen265
)
(/usr/local/texlive/2020/texmf-dist/tex/generic/pgf/basiclayer/pgfcorescopes.co
de.tex
File: pgfcorescopes.code.tex 2020/01/08 v3.1.5b (3.1.5b)
\pgfpic=\box57
\pgf@hbox=\box58
\pgf@layerbox@main=\box59
\pgf@picture@serial@count=\count300
)
(/usr/local/texlive/2020/texmf-dist/tex/generic/pgf/basiclayer/pgfcoregraphicst
ate.code.tex
File: pgfcoregraphicstate.code.tex 2020/01/08 v3.1.5b (3.1.5b)
\pgflinewidth=\dimen266
)
(/usr/local/texlive/2020/texmf-dist/tex/generic/pgf/basiclayer/pgfcoretransform
ations.code.tex
File: pgfcoretransformations.code.tex 2020/01/08 v3.1.5b (3.1.5b)
\pgf@pt@x=\dimen267
\pgf@pt@y=\dimen268
\pgf@pt@temp=\dimen269
)
(/usr/local/texlive/2020/texmf-dist/tex/generic/pgf/basiclayer/pgfcorequick.cod
e.tex
File: pgfcorequick.code.tex 2020/01/08 v3.1.5b (3.1.5b)
)
(/usr/local/texlive/2020/texmf-dist/tex/generic/pgf/basiclayer/pgfcoreobjects.c
ode.tex
File: pgfcoreobjects.code.tex 2020/01/08 v3.1.5b (3.1.5b)
)
(/usr/local/texlive/2020/texmf-dist/tex/generic/pgf/basiclayer/pgfcorepathproce
ssing.code.tex
File: pgfcorepathprocessing.code.tex 2020/01/08 v3.1.5b (3.1.5b)
)
(/usr/local/texlive/2020/texmf-dist/tex/generic/pgf/basiclayer/pgfcorearrows.co
de.tex
File: pgfcorearrows.code.tex 2020/01/08 v3.1.5b (3.1.5b)
\pgfarrowsep=\dimen270
)
(/usr/local/texlive/2020/texmf-dist/tex/generic/pgf/basiclayer/pgfcoreshade.cod
e.tex
File: pgfcoreshade.code.tex 2020/01/08 v3.1.5b (3.1.5b)
\pgf@max=\dimen271
\pgf@sys@shading@range@num=\count301
\pgf@shadingcount=\count302
)
(/usr/local/texlive/2020/texmf-dist/tex/generic/pgf/basiclayer/pgfcoreimage.cod
e.tex
File: pgfcoreimage.code.tex 2020/01/08 v3.1.5b (3.1.5b)

(/usr/local/texlive/2020/texmf-dist/tex/generic/pgf/basiclayer/pgfcoreexternal.
code.tex
File: pgfcoreexternal.code.tex 2020/01/08 v3.1.5b (3.1.5b)
\pgfexternal@startupbox=\box60
))
(/usr/local/texlive/2020/texmf-dist/tex/generic/pgf/basiclayer/pgfcorelayers.co
de.tex
File: pgfcorelayers.code.tex 2020/01/08 v3.1.5b (3.1.5b)
)
(/usr/local/texlive/2020/texmf-dist/tex/generic/pgf/basiclayer/pgfcoretranspare
ncy.code.tex
File: pgfcoretransparency.code.tex 2020/01/08 v3.1.5b (3.1.5b)
)
(/usr/local/texlive/2020/texmf-dist/tex/generic/pgf/basiclayer/pgfcorepatterns.
code.tex
File: pgfcorepatterns.code.tex 2020/01/08 v3.1.5b (3.1.5b)
)
(/usr/local/texlive/2020/texmf-dist/tex/generic/pgf/basiclayer/pgfcorerdf.code.
tex
File: pgfcorerdf.code.tex 2020/01/08 v3.1.5b (3.1.5b)
)))
(/usr/local/texlive/2020/texmf-dist/tex/generic/pgf/modules/pgfmoduleshapes.cod
e.tex
File: pgfmoduleshapes.code.tex 2020/01/08 v3.1.5b (3.1.5b)
\pgfnodeparttextbox=\box61
)
(/usr/local/texlive/2020/texmf-dist/tex/generic/pgf/modules/pgfmoduleplot.code.
tex
File: pgfmoduleplot.code.tex 2020/01/08 v3.1.5b (3.1.5b)
)
(/usr/local/texlive/2020/texmf-dist/tex/latex/pgf/compatibility/pgfcomp-version
-0-65.sty
Package: pgfcomp-version-0-65 2020/01/08 v3.1.5b (3.1.5b)
\pgf@nodesepstart=\dimen272
\pgf@nodesepend=\dimen273
)
(/usr/local/texlive/2020/texmf-dist/tex/latex/pgf/compatibility/pgfcomp-version
-1-18.sty
Package: pgfcomp-version-1-18 2020/01/08 v3.1.5b (3.1.5b)
))
(/usr/local/texlive/2020/texmf-dist/tex/latex/pgf/utilities/pgffor.sty
(/usr/local/texlive/2020/texmf-dist/tex/latex/pgf/utilities/pgfkeys.sty
(/usr/local/texlive/2020/texmf-dist/tex/generic/pgf/utilities/pgfkeys.code.tex)
) (/usr/local/texlive/2020/texmf-dist/tex/latex/pgf/math/pgfmath.sty
(/usr/local/texlive/2020/texmf-dist/tex/generic/pgf/math/pgfmath.code.tex))
(/usr/local/texlive/2020/texmf-dist/tex/generic/pgf/utilities/pgffor.code.tex
Package: pgffor 2020/01/08 v3.1.5b (3.1.5b)

(/usr/local/texlive/2020/texmf-dist/tex/generic/pgf/math/pgfmath.code.tex)
\pgffor@iter=\dimen274
\pgffor@skip=\dimen275
\pgffor@stack=\toks42
\pgffor@toks=\toks43
))
(/usr/local/texlive/2020/texmf-dist/tex/generic/pgf/frontendlayer/tikz/tikz.cod
e.tex
Package: tikz 2020/01/08 v3.1.5b (3.1.5b)

(/usr/local/texlive/2020/texmf-dist/tex/generic/pgf/libraries/pgflibraryplothan
dlers.code.tex
File: pgflibraryplothandlers.code.tex 2020/01/08 v3.1.5b (3.1.5b)
\pgf@plot@mark@count=\count303
\pgfplotmarksize=\dimen276
)
\tikz@lastx=\dimen277
\tikz@lasty=\dimen278
\tikz@lastxsaved=\dimen279
\tikz@lastysaved=\dimen280
\tikz@lastmovetox=\dimen281
\tikz@lastmovetoy=\dimen282
\tikzleveldistance=\dimen283
\tikzsiblingdistance=\dimen284
\tikz@figbox=\box62
\tikz@figbox@bg=\box63
\tikz@tempbox=\box64
\tikz@tempbox@bg=\box65
\tikztreelevel=\count304
\tikznumberofchildren=\count305
\tikznumberofcurrentchild=\count306
\tikz@fig@count=\count307

(/usr/local/texlive/2020/texmf-dist/tex/generic/pgf/modules/pgfmodulematrix.cod
e.tex
File: pgfmodulematrix.code.tex 2020/01/08 v3.1.5b (3.1.5b)
\pgfmatrixcurrentrow=\count308
\pgfmatrixcurrentcolumn=\count309
\pgf@matrix@numberofcolumns=\count310
)
\tikz@expandcount=\count311

(/usr/local/texlive/2020/texmf-dist/tex/generic/pgf/frontendlayer/tikz/librarie
s/tikzlibrarytopaths.code.tex
File: tikzlibrarytopaths.code.tex 2020/01/08 v3.1.5b (3.1.5b)
)))
(/usr/local/texlive/2020/texmf-dist/tex/generic/pgf/frontendlayer/tikz/librarie
s/tikzlibrarypositioning.code.tex
File: tikzlibrarypositioning.code.tex 2020/01/08 v3.1.5b (3.1.5b)
)
(/usr/local/texlive/2020/texmf-dist/tex/generic/pgf/frontendlayer/tikz/librarie
s/tikzlibraryshadows.code.tex
File: tikzlibraryshadows.code.tex 2020/01/08 v3.1.5b (3.1.5b)

(/usr/local/texlive/2020/texmf-dist/tex/generic/pgf/frontendlayer/tikz/librarie
s/tikzlibraryfadings.code.tex
File: tikzlibraryfadings.code.tex 2020/01/08 v3.1.5b (3.1.5b)

(/usr/local/texlive/2020/texmf-dist/tex/generic/pgf/libraries/pgflibraryfadings
.code.tex
File: pgflibraryfadings.code.tex 2020/01/08 v3.1.5b (3.1.5b)
)))
\c@@todonotes@numberoftodonotes=\count312
)
\c@Changes@AuthorCount=\count313
\c@Changes@Author=\count314
\c@Changes@addedCount=\count315
\c@Changes@deletedCount=\count316
\c@Changes@replacedCount=\count317
\c@Changes@highlightCount=\count318
\c@Changes@commentCount=\count319
\c@authorcommentcount=\count320

(/usr/local/texlive/2020/texmf-dist/tex/latex/truncate/truncate.sty
Package: truncate 2001/08/20  ver 3.6
\@Trunc@RestHyph=\toks44
)
\Changes@truncate@width=\skip66
\Changes@summary@width=\skip67
)
\c@Changes@addedCountgc=\count321
\c@Changes@deletedCountgc=\count322
\c@Changes@replacedCountgc=\count323
\c@Changes@highlightCountgc=\count324
\c@Changes@commentCountgc=\count325


./cmv1_supplementary_materials.tex:40: LaTeX Error: Command \thelemma undefined
.

See the LaTeX manual or LaTeX Companion for explanation.
Type  H <return>  for immediate help.
 ...                                              
                                                  
l.40 \renewcommand{\thelemma}
                             {S\arabic{lemma}}
? 
Package hyperref Info: Option `colorlinks' set `true' on input line 48.
(/usr/local/texlive/2020/texmf-dist/tex/latex/l3backend/l3backend-pdfmode.def
File: l3backend-pdfmode.def 2020-03-12 L3 backend support: PDF mode
\l__kernel_color_stack_int=\count326
\l__pdf_internal_box=\box66
)
(./cmv1_supplementary_materials.aux)
\openout1 = `cmv1_supplementary_materials.aux'.

LaTeX Font Info:    Checking defaults for OML/cmm/m/it on input line 69.
LaTeX Font Info:    ... okay on input line 69.
LaTeX Font Info:    Checking defaults for OMS/cmsy/m/n on input line 69.
LaTeX Font Info:    ... okay on input line 69.
LaTeX Font Info:    Checking defaults for OT1/cmr/m/n on input line 69.
LaTeX Font Info:    ... okay on input line 69.
LaTeX Font Info:    Checking defaults for T1/cmr/m/n on input line 69.
LaTeX Font Info:    ... okay on input line 69.
LaTeX Font Info:    Checking defaults for TS1/cmr/m/n on input line 69.
LaTeX Font Info:    ... okay on input line 69.
LaTeX Font Info:    Checking defaults for OMX/cmex/m/n on input line 69.
LaTeX Font Info:    ... okay on input line 69.
LaTeX Font Info:    Checking defaults for U/cmr/m/n on input line 69.
LaTeX Font Info:    ... okay on input line 69.
LaTeX Font Info:    Checking defaults for PD1/pdf/m/n on input line 69.
LaTeX Font Info:    ... okay on input line 69.

*geometry* driver: auto-detecting
*geometry* detected driver: pdftex
*geometry* verbose mode - [ preamble ] result:
* driver: pdftex
* paper: letterpaper
* layout: <same size as paper>
* layoutoffset:(h,v)=(0.0pt,0.0pt)
* modes: 
* h-part:(L,W,R)=(72.26999pt, 469.75502pt, 72.26999pt)
* v-part:(T,H,B)=(72.26999pt, 650.43001pt, 72.26999pt)
* \paperwidth=614.295pt
* \paperheight=794.96999pt
* \textwidth=469.75502pt
* \textheight=650.43001pt
* \oddsidemargin=0.0pt
* \evensidemargin=0.0pt
* \topmargin=-37.0pt
* \headheight=12.0pt
* \headsep=25.0pt
* \topskip=10.0pt
* \footskip=30.0pt
* \marginparwidth=57.0pt
* \marginparsep=11.0pt
* \columnsep=10.0pt
* \skip\footins=9.0pt plus 4.0pt minus 2.0pt
* \hoffset=0.0pt
* \voffset=0.0pt
* \mag=1000
* \@twocolumnfalse
* \@twosidefalse
* \@mparswitchfalse
* \@reversemarginfalse
* (1in=72.27pt=25.4mm, 1cm=28.453pt)

(/usr/local/texlive/2020/texmf-dist/tex/context/base/mkii/supp-pdf.mkii
[Loading MPS to PDF converter (version 2006.09.02).]
\scratchcounter=\count327
\scratchdimen=\dimen285
\scratchbox=\box67
\nofMPsegments=\count328
\nofMParguments=\count329
\everyMPshowfont=\toks45
\MPscratchCnt=\count330
\MPscratchDim=\dimen286
\MPnumerator=\count331
\makeMPintoPDFobject=\count332
\everyMPtoPDFconversion=\toks46
) (/usr/local/texlive/2020/texmf-dist/tex/latex/epstopdf-pkg/epstopdf-base.sty
Package: epstopdf-base 2020-01-24 v2.11 Base part for package epstopdf

(/usr/local/texlive/2020/texmf-dist/tex/latex/grfext/grfext.sty
Package: grfext 2019/12/03 v1.3 Manage graphics extensions (HO)
)
Package epstopdf-base Info: Redefining graphics rule for `.eps' on input line 4
85.
Package grfext Info: Graphics extension search list:
(grfext)             [.pdf,.png,.jpg,.mps,.jpeg,.jbig2,.jb2,.PDF,.PNG,.JPG,.JPE
G,.JBIG2,.JB2,.eps]
(grfext)             \AppendGraphicsExtensions on input line 504.

(/usr/local/texlive/2020/texmf-dist/tex/latex/latexconfig/epstopdf-sys.cfg
File: epstopdf-sys.cfg 2010/07/13 v1.3 Configuration of (r)epstopdf for TeX Liv
e
))
Package caption Info: Begin \AtBeginDocument code.
Package caption Info: float package is loaded.
Package caption Info: hyperref package is loaded.
Package caption Info: listings package is loaded.
Package caption Info: rotating package is loaded.
Package caption Info: End \AtBeginDocument code.
\c@lstlisting=\count333
\AtBeginShipoutBox=\box68
Package hyperref Info: Link coloring ON on input line 69.

(/usr/local/texlive/2020/texmf-dist/tex/latex/hyperref/nameref.sty
Package: nameref 2019/09/16 v2.46 Cross-referencing by name of section

(/usr/local/texlive/2020/texmf-dist/tex/latex/refcount/refcount.sty
Package: refcount 2019/12/15 v3.6 Data extraction from label references (HO)
)
(/usr/local/texlive/2020/texmf-dist/tex/generic/gettitlestring/gettitlestring.s
ty
Package: gettitlestring 2019/12/15 v1.6 Cleanup title references (HO)
)
\c@section@level=\count334
)
LaTeX Info: Redefining \ref on input line 69.
LaTeX Info: Redefining \pageref on input line 69.
LaTeX Info: Redefining \nameref on input line 69.
 (./cmv1_supplementary_materials.out) (./cmv1_supplementary_materials.out)
\@outlinefile=\write4
\openout4 = `cmv1_supplementary_materials.out'.


ABD: EveryShipout initializing macros
LaTeX Font Info:    Trying to load font information for U+msa on input line 70.


(/usr/local/texlive/2020/texmf-dist/tex/latex/amsfonts/umsa.fd
File: umsa.fd 2013/01/14 v3.01 AMS symbols A
)
LaTeX Font Info:    Trying to load font information for U+msb on input line 70.


(/usr/local/texlive/2020/texmf-dist/tex/latex/amsfonts/umsb.fd
File: umsb.fd 2013/01/14 v3.01 AMS symbols B
)
(./cmv1_supplementary_materials.toc)
\tf@toc=\write5
\openout5 = `cmv1_supplementary_materials.toc'.

 (./cmv1_supplementary_materials.lof
[1

{/usr/local/texlive/2020/texmf-var/fonts/map/pdftex/updmap/pdftex.map}])
\tf@lof=\write6
\openout6 = `cmv1_supplementary_materials.lof'.


(./cmv1_supplementary_materials.lot)
\tf@lot=\write7
\openout7 = `cmv1_supplementary_materials.lot'.

 [2]
Overfull \hbox (25.85359pt too wide) in paragraph at lines 104--105
[][][][][][][][][][][][][][][][][][][] 
 []


Overfull \hbox (12.60387pt too wide) in paragraph at lines 122--123
[]\OT1/cmtt/m/n/10 belinda \OT1/cmr/m/n/10 ([][]Liu[][], [][]2022[][]) ex-pres-
sions, e.g., \OT1/cmtt/m/n/10 g1.filter(pl.col('n') > 10) \OT1/cmr/m/n/10 and \
OT1/cmtt/m/n/10 g1.filter(pl.col('n')
 []

./cmv1_supplementary_materials.tex:127: Extra }, or forgotten \endgroup.
l.127 }
       
? 
LaTeX Font Info:    Trying to load font information for TS1+cmtt on input line 
132.
(/usr/local/texlive/2020/texmf-dist/tex/latex/base/ts1cmtt.fd
File: ts1cmtt.fd 2019/12/16 v2.5j Standard LaTeX font definitions
)
Overfull \hbox (20.18361pt too wide) in paragraph at lines 132--133
[][][][][][][][][][][][][][][][][][][][][][][][][][][][][][][][][][][][] 
 []


Overfull \hbox (12.60387pt too wide) in paragraph at lines 138--139
[]\OT1/cmtt/m/n/10 belinda \OT1/cmr/m/n/10 ([][]Liu[][], [][]2022[][]) ex-pres-
sions, e.g., \OT1/cmtt/m/n/10 g1.filter(pl.col('n') > 10) \OT1/cmr/m/n/10 and \
OT1/cmtt/m/n/10 g1.filter(pl.col('n')
 []

[3] [4]
Package hyperref Info: bookmark level for unknown algorithm defaults to 0 on in
put line 192.

./cmv1_supplementary_materials.tex:250: Too many }'s.
l.250 ...s for some of the Leiden-based analysis.}
                                                  . Code for the pipeline an...

? 
[5

]
Overfull \hbox (12.19353pt too wide) in paragraph at lines 264--265
[][][][][][][][][][][][][][][][][][][][][][][][][][][][][][] 
 []


LaTeX Warning: Float too large for page by 15.36983pt on input line 347.


LaTeX Warning: `!h' float specifier changed to `!ht'.

[6

] [7]
<figs/all_degrees.pdf, id=246, 727.0256pt x 894.81175pt>
File: figs/all_degrees.pdf Graphic file (type pdf)
<use figs/all_degrees.pdf>
Package pdftex.def Info: figs/all_degrees.pdf  used on input line 354.
(pdftex.def)             Requested size: 399.29463pt x 491.45164pt.
<figs/oc_cm_size.pdf, id=247, 752.67693pt x 988.03503pt>
File: figs/oc_cm_size.pdf Graphic file (type pdf)
<use figs/oc_cm_size.pdf>
Package pdftex.def Info: figs/oc_cm_size.pdf  used on input line 361.
(pdftex.def)             Requested size: 399.29463pt x 524.1536pt.
 [8

 <./figs/all_degrees.pdf>]
<figs/cen_cm_size.pdf, id=313, 752.67693pt x 673.66052pt>
File: figs/cen_cm_size.pdf Graphic file (type pdf)
<use figs/cen_cm_size.pdf>
Package pdftex.def Info: figs/cen_cm_size.pdf  used on input line 368.
(pdftex.def)             Requested size: 399.29463pt x 357.3776pt.
 [9 <./figs/oc_cm_size.pdf>]
<figs/cit_patents_cm_size.pdf, id=378, 752.67693pt x 673.66052pt>
File: figs/cit_patents_cm_size.pdf Graphic file (type pdf)
<use figs/cit_patents_cm_size.pdf>
Package pdftex.def Info: figs/cit_patents_cm_size.pdf  used on input line 375.
(pdftex.def)             Requested size: 399.29463pt x 357.3776pt.
 [10 <./figs/cen_cm_size.pdf>]
<figs/cit_hepph_cm_size.pdf, id=441, 762.2596pt x 673.66052pt>
File: figs/cit_hepph_cm_size.pdf Graphic file (type pdf)
<use figs/cit_hepph_cm_size.pdf>
Package pdftex.def Info: figs/cit_hepph_cm_size.pdf  used on input line 382.
(pdftex.def)             Requested size: 399.29463pt x 352.88557pt.
 [11 <./figs/cit_patents_cm_size.pdf>]
<figs/wiki_topcats_cm_size.pdf, id=501, 752.67693pt x 673.66052pt>
File: figs/wiki_topcats_cm_size.pdf Graphic file (type pdf)
<use figs/wiki_topcats_cm_size.pdf>
Package pdftex.def Info: figs/wiki_topcats_cm_size.pdf  used on input line 390.

(pdftex.def)             Requested size: 399.29463pt x 357.3776pt.
 [12 <./figs/cit_hepph_cm_size.pdf>]
<figs/wiki_talk_cm_size.pdf, id=561, 752.67693pt x 673.66052pt>
File: figs/wiki_talk_cm_size.pdf Graphic file (type pdf)
<use figs/wiki_talk_cm_size.pdf>
Package pdftex.def Info: figs/wiki_talk_cm_size.pdf  used on input line 397.
(pdftex.def)             Requested size: 399.29463pt x 357.3776pt.
 [13 <./figs/wiki_topcats_cm_size.pdf>] [14 <./figs/wiki_talk_cm_size.pdf>]
<figs/oc_cm_steps_lfr0001.pdf, id=680, 678.25392pt x 398.31497pt>
File: figs/oc_cm_steps_lfr0001.pdf Graphic file (type pdf)
<use figs/oc_cm_steps_lfr0001.pdf>
Package pdftex.def Info: figs/oc_cm_steps_lfr0001.pdf  used on input line 408.
(pdftex.def)             Requested size: 291.2458pt x 171.03505pt.
<figs/oc_0001_cm_size.pdf, id=681, 321.63286pt x 318.1323pt>
File: figs/oc_0001_cm_size.pdf Graphic file (type pdf)
<use figs/oc_0001_cm_size.pdf>
Package pdftex.def Info: figs/oc_0001_cm_size.pdf  used on input line 409.
(pdftex.def)             Requested size: 173.80705pt x 171.91508pt.
<figs/oc_cm_steps_lfr01.pdf, id=682, 678.25392pt x 398.31497pt>
File: figs/oc_cm_steps_lfr01.pdf Graphic file (type pdf)
<use figs/oc_cm_steps_lfr01.pdf>
Package pdftex.def Info: figs/oc_cm_steps_lfr01.pdf  used on input line 416.
(pdftex.def)             Requested size: 291.2458pt x 171.03505pt.
<figs/oc_01_cm_size.pdf, id=683, 321.63286pt x 318.1323pt>
File: figs/oc_01_cm_size.pdf Graphic file (type pdf)
<use figs/oc_01_cm_size.pdf>
Package pdftex.def Info: figs/oc_01_cm_size.pdf  used on input line 417.
(pdftex.def)             Requested size: 173.80705pt x 171.91508pt.
<figs/oc_cm_steps_lfr1.pdf, id=684, 678.25392pt x 398.31497pt>
File: figs/oc_cm_steps_lfr1.pdf Graphic file (type pdf)
<use figs/oc_cm_steps_lfr1.pdf>
Package pdftex.def Info: figs/oc_cm_steps_lfr1.pdf  used on input line 424.
(pdftex.def)             Requested size: 291.2458pt x 171.03505pt.
<figs/oc_1_cm_size.pdf, id=685, 321.63286pt x 318.1323pt>
File: figs/oc_1_cm_size.pdf Graphic file (type pdf)
<use figs/oc_1_cm_size.pdf>
Package pdftex.def Info: figs/oc_1_cm_size.pdf  used on input line 425.
(pdftex.def)             Requested size: 173.80705pt x 171.91508pt.


LaTeX Warning: `!h' float specifier changed to `!ht'.

<figs/oc_cm_steps_lfr5.pdf, id=686, 678.25392pt x 398.31497pt>
File: figs/oc_cm_steps_lfr5.pdf Graphic file (type pdf)
<use figs/oc_cm_steps_lfr5.pdf>
Package pdftex.def Info: figs/oc_cm_steps_lfr5.pdf  used on input line 432.
(pdftex.def)             Requested size: 291.2458pt x 171.03505pt.
<figs/oc_5_cm_size.pdf, id=687, 321.63286pt x 318.1323pt>
File: figs/oc_5_cm_size.pdf Graphic file (type pdf)
<use figs/oc_5_cm_size.pdf>
Package pdftex.def Info: figs/oc_5_cm_size.pdf  used on input line 433.
(pdftex.def)             Requested size: 173.80705pt x 171.91508pt.

LaTeX Warning: `!h' float specifier changed to `!ht'.

<figs/cen_cm_steps_lfr001.pdf, id=688, 678.25392pt x 398.31497pt>
File: figs/cen_cm_steps_lfr001.pdf Graphic file (type pdf)
<use figs/cen_cm_steps_lfr001.pdf>
Package pdftex.def Info: figs/cen_cm_steps_lfr001.pdf  used on input line 440.
(pdftex.def)             Requested size: 291.2458pt x 171.03505pt.
<figs/cen_001_cm_size.pdf, id=689, 321.63286pt x 318.1323pt>
File: figs/cen_001_cm_size.pdf Graphic file (type pdf)
<use figs/cen_001_cm_size.pdf>
Package pdftex.def Info: figs/cen_001_cm_size.pdf  used on input line 441.
(pdftex.def)             Requested size: 173.80705pt x 171.91508pt.

LaTeX Warning: `!h' float specifier changed to `!ht'.

<figs/cen_cm_steps_lfr1.pdf, id=690, 678.25392pt x 398.31497pt>
File: figs/cen_cm_steps_lfr1.pdf Graphic file (type pdf)
<use figs/cen_cm_steps_lfr1.pdf>
Package pdftex.def Info: figs/cen_cm_steps_lfr1.pdf  used on input line 448.
(pdftex.def)             Requested size: 291.2458pt x 171.03505pt.
<figs/cen_1_cm_size.pdf, id=691, 321.63286pt x 318.1323pt>
File: figs/cen_1_cm_size.pdf Graphic file (type pdf)
<use figs/cen_1_cm_size.pdf>
Package pdftex.def Info: figs/cen_1_cm_size.pdf  used on input line 449.
(pdftex.def)             Requested size: 173.80705pt x 171.91508pt.

LaTeX Warning: `!h' float specifier changed to `!ht'.

<figs/cen_cm_steps_lfr5.pdf, id=692, 678.25392pt x 398.31497pt>
File: figs/cen_cm_steps_lfr5.pdf Graphic file (type pdf)
<use figs/cen_cm_steps_lfr5.pdf>
Package pdftex.def Info: figs/cen_cm_steps_lfr5.pdf  used on input line 456.
(pdftex.def)             Requested size: 291.2458pt x 171.03505pt.
<figs/cen_5_cm_size.pdf, id=693, 321.63286pt x 318.1323pt>
File: figs/cen_5_cm_size.pdf Graphic file (type pdf)
<use figs/cen_5_cm_size.pdf>
Package pdftex.def Info: figs/cen_5_cm_size.pdf  used on input line 457.
(pdftex.def)             Requested size: 173.80705pt x 171.91508pt.

LaTeX Warning: `!h' float specifier changed to `!ht'.

<figs/cit_patents_cm_steps_lfr001.pdf, id=694, 678.25392pt x 398.31497pt>
File: figs/cit_patents_cm_steps_lfr001.pdf Graphic file (type pdf)
<use figs/cit_patents_cm_steps_lfr001.pdf>
Package pdftex.def Info: figs/cit_patents_cm_steps_lfr001.pdf  used on input li
ne 464.
(pdftex.def)             Requested size: 291.2458pt x 171.03505pt.
<figs/cit_patents_001_cm_size.pdf, id=695, 321.63286pt x 318.1323pt>
File: figs/cit_patents_001_cm_size.pdf Graphic file (type pdf)
<use figs/cit_patents_001_cm_size.pdf>
Package pdftex.def Info: figs/cit_patents_001_cm_size.pdf  used on input line 4
65.
(pdftex.def)             Requested size: 173.80705pt x 171.91508pt.

LaTeX Warning: `!h' float specifier changed to `!ht'.

<figs/cit_patents_cm_steps_lfr1.pdf, id=696, 678.25392pt x 398.31497pt>
File: figs/cit_patents_cm_steps_lfr1.pdf Graphic file (type pdf)
<use figs/cit_patents_cm_steps_lfr1.pdf>
Package pdftex.def Info: figs/cit_patents_cm_steps_lfr1.pdf  used on input line
 473.
(pdftex.def)             Requested size: 291.2458pt x 171.03505pt.
<figs/cit_patents_1_cm_size.pdf, id=697, 321.63286pt x 318.1323pt>
File: figs/cit_patents_1_cm_size.pdf Graphic file (type pdf)
<use figs/cit_patents_1_cm_size.pdf>
Package pdftex.def Info: figs/cit_patents_1_cm_size.pdf  used on input line 474
.
(pdftex.def)             Requested size: 173.80705pt x 171.91508pt.

LaTeX Warning: `!h' float specifier changed to `!ht'.

<figs/cit_patents_cm_steps_lfr5.pdf, id=698, 678.25392pt x 398.31497pt>
File: figs/cit_patents_cm_steps_lfr5.pdf Graphic file (type pdf)
<use figs/cit_patents_cm_steps_lfr5.pdf>
Package pdftex.def Info: figs/cit_patents_cm_steps_lfr5.pdf  used on input line
 481.
(pdftex.def)             Requested size: 291.2458pt x 171.03505pt.
<figs/cit_patents_5_cm_size.pdf, id=699, 321.63286pt x 318.1323pt>
File: figs/cit_patents_5_cm_size.pdf Graphic file (type pdf)
<use figs/cit_patents_5_cm_size.pdf>
Package pdftex.def Info: figs/cit_patents_5_cm_size.pdf  used on input line 482
.
(pdftex.def)             Requested size: 173.80705pt x 171.91508pt.

LaTeX Warning: `!h' float specifier changed to `!ht'.

<figs/cit_hepph_cm_steps_lfr001.pdf, id=700, 678.25392pt x 398.31497pt>
File: figs/cit_hepph_cm_steps_lfr001.pdf Graphic file (type pdf)
<use figs/cit_hepph_cm_steps_lfr001.pdf>
Package pdftex.def Info: figs/cit_hepph_cm_steps_lfr001.pdf  used on input line
 489.
(pdftex.def)             Requested size: 291.2458pt x 171.03505pt.
<figs/cit_hepph_001_cm_size.pdf, id=701, 331.21553pt x 318.1323pt>
File: figs/cit_hepph_001_cm_size.pdf Graphic file (type pdf)
<use figs/cit_hepph_001_cm_size.pdf>
Package pdftex.def Info: figs/cit_hepph_001_cm_size.pdf  used on input line 490
.
(pdftex.def)             Requested size: 173.80705pt x 166.94427pt.

LaTeX Warning: `!h' float specifier changed to `!ht'.

<figs/cit_hepph_cm_steps_lfr01.pdf, id=702, 678.25392pt x 398.31497pt>
File: figs/cit_hepph_cm_steps_lfr01.pdf Graphic file (type pdf)
<use figs/cit_hepph_cm_steps_lfr01.pdf>
Package pdftex.def Info: figs/cit_hepph_cm_steps_lfr01.pdf  used on input line 
497.
(pdftex.def)             Requested size: 291.2458pt x 171.03505pt.
<figs/cit_hepph_01_cm_size.pdf, id=703, 334.96768pt x 318.1323pt>
File: figs/cit_hepph_01_cm_size.pdf Graphic file (type pdf)
<use figs/cit_hepph_01_cm_size.pdf>
Package pdftex.def Info: figs/cit_hepph_01_cm_size.pdf  used on input line 498.

(pdftex.def)             Requested size: 173.80705pt x 165.07536pt.

LaTeX Warning: `!h' float specifier changed to `!ht'.

<figs/cit_hepph_cm_steps_lfr1.pdf, id=704, 678.25392pt x 398.31497pt>
File: figs/cit_hepph_cm_steps_lfr1.pdf Graphic file (type pdf)
<use figs/cit_hepph_cm_steps_lfr1.pdf>
Package pdftex.def Info: figs/cit_hepph_cm_steps_lfr1.pdf  used on input line 5
05.
(pdftex.def)             Requested size: 291.2458pt x 171.03505pt.
<figs/cit_hepph_1_cm_size.pdf, id=705, 331.21553pt x 318.1323pt>
File: figs/cit_hepph_1_cm_size.pdf Graphic file (type pdf)
<use figs/cit_hepph_1_cm_size.pdf>
Package pdftex.def Info: figs/cit_hepph_1_cm_size.pdf  used on input line 506.
(pdftex.def)             Requested size: 173.80705pt x 166.94427pt.

LaTeX Warning: `!h' float specifier changed to `!ht'.

<figs/cit_hepph_cm_steps_lfr5.pdf, id=706, 678.25392pt x 398.31497pt>
File: figs/cit_hepph_cm_steps_lfr5.pdf Graphic file (type pdf)
<use figs/cit_hepph_cm_steps_lfr5.pdf>
Package pdftex.def Info: figs/cit_hepph_cm_steps_lfr5.pdf  used on input line 5
13.
(pdftex.def)             Requested size: 291.2458pt x 171.03505pt.
<figs/cit_hepph_5_cm_size.pdf, id=707, 321.63286pt x 318.1323pt>
File: figs/cit_hepph_5_cm_size.pdf Graphic file (type pdf)
<use figs/cit_hepph_5_cm_size.pdf>
Package pdftex.def Info: figs/cit_hepph_5_cm_size.pdf  used on input line 514.
(pdftex.def)             Requested size: 173.80705pt x 171.91508pt.

LaTeX Warning: `!h' float specifier changed to `!ht'.

<figs/wiki_topcats_cm_steps_lfr001.pdf, id=708, 678.25392pt x 398.31497pt>
File: figs/wiki_topcats_cm_steps_lfr001.pdf Graphic file (type pdf)
<use figs/wiki_topcats_cm_steps_lfr001.pdf>
Package pdftex.def Info: figs/wiki_topcats_cm_steps_lfr001.pdf  used on input l
ine 521.
(pdftex.def)             Requested size: 291.2458pt x 171.03505pt.
<figs/wiki_topcats_001_cm_size.pdf, id=709, 321.63286pt x 318.1323pt>
File: figs/wiki_topcats_001_cm_size.pdf Graphic file (type pdf)
<use figs/wiki_topcats_001_cm_size.pdf>
Package pdftex.def Info: figs/wiki_topcats_001_cm_size.pdf  used on input line 
522.
(pdftex.def)             Requested size: 173.80705pt x 171.91508pt.

LaTeX Warning: `!h' float specifier changed to `!ht'.

<figs/wiki_topcats_cm_steps_lfr01.pdf, id=710, 678.25392pt x 398.31497pt>
File: figs/wiki_topcats_cm_steps_lfr01.pdf Graphic file (type pdf)
<use figs/wiki_topcats_cm_steps_lfr01.pdf>
Package pdftex.def Info: figs/wiki_topcats_cm_steps_lfr01.pdf  used on input li
ne 529.
(pdftex.def)             Requested size: 291.2458pt x 171.03505pt.
<figs/wiki_topcats_01_cm_size.pdf, id=711, 323.5333pt x 318.1323pt>
File: figs/wiki_topcats_01_cm_size.pdf Graphic file (type pdf)
<use figs/wiki_topcats_01_cm_size.pdf>
Package pdftex.def Info: figs/wiki_topcats_01_cm_size.pdf  used on input line 5
30.
(pdftex.def)             Requested size: 173.80705pt x 170.90538pt.

LaTeX Warning: `!h' float specifier changed to `!ht'.

<figs/wiki_topcats_cm_steps_lfr1.pdf, id=712, 678.25392pt x 398.31497pt>
File: figs/wiki_topcats_cm_steps_lfr1.pdf Graphic file (type pdf)
<use figs/wiki_topcats_cm_steps_lfr1.pdf>
Package pdftex.def Info: figs/wiki_topcats_cm_steps_lfr1.pdf  used on input lin
e 537.
(pdftex.def)             Requested size: 291.2458pt x 171.03505pt.
<figs/wiki_topcats_1_cm_size.pdf, id=713, 321.63286pt x 318.1323pt>
File: figs/wiki_topcats_1_cm_size.pdf Graphic file (type pdf)
<use figs/wiki_topcats_1_cm_size.pdf>
Package pdftex.def Info: figs/wiki_topcats_1_cm_size.pdf  used on input line 53
8.
(pdftex.def)             Requested size: 173.80705pt x 171.91508pt.

LaTeX Warning: `!h' float specifier changed to `!ht'.

<figs/wiki_topcats_cm_steps_lfr5.pdf, id=714, 678.25392pt x 398.31497pt>
File: figs/wiki_topcats_cm_steps_lfr5.pdf Graphic file (type pdf)
<use figs/wiki_topcats_cm_steps_lfr5.pdf>
Package pdftex.def Info: figs/wiki_topcats_cm_steps_lfr5.pdf  used on input lin
e 545.
(pdftex.def)             Requested size: 291.2458pt x 171.03505pt.
<figs/wiki_topcats_5_cm_size.pdf, id=715, 321.63286pt x 318.1323pt>
File: figs/wiki_topcats_5_cm_size.pdf Graphic file (type pdf)
<use figs/wiki_topcats_5_cm_size.pdf>
Package pdftex.def Info: figs/wiki_topcats_5_cm_size.pdf  used on input line 54
6.
(pdftex.def)             Requested size: 173.80705pt x 171.91508pt.

LaTeX Warning: `!h' float specifier changed to `!ht'.

<figs/wiki_talk_cm_steps_lfr001.pdf, id=716, 678.25392pt x 398.31497pt>
File: figs/wiki_talk_cm_steps_lfr001.pdf Graphic file (type pdf)
<use figs/wiki_talk_cm_steps_lfr001.pdf>
Package pdftex.def Info: figs/wiki_talk_cm_steps_lfr001.pdf  used on input line
 553.
(pdftex.def)             Requested size: 291.2458pt x 171.03505pt.
<figs/wiki_talk_001_cm_size.pdf, id=717, 321.63286pt x 318.1323pt>
File: figs/wiki_talk_001_cm_size.pdf Graphic file (type pdf)
<use figs/wiki_talk_001_cm_size.pdf>
Package pdftex.def Info: figs/wiki_talk_001_cm_size.pdf  used on input line 554
.
(pdftex.def)             Requested size: 173.80705pt x 171.91508pt.

LaTeX Warning: `!h' float specifier changed to `!ht'.

<figs/wiki_talk_cm_steps_lfr01.pdf, id=718, 678.25392pt x 398.31497pt>
File: figs/wiki_talk_cm_steps_lfr01.pdf Graphic file (type pdf)
<use figs/wiki_talk_cm_steps_lfr01.pdf>
Package pdftex.def Info: figs/wiki_talk_cm_steps_lfr01.pdf  used on input line 
561.
(pdftex.def)             Requested size: 291.2458pt x 171.03505pt.
<figs/wiki_talk_01_cm_size.pdf, id=719, 321.63286pt x 318.1323pt>
File: figs/wiki_talk_01_cm_size.pdf Graphic file (type pdf)
<use figs/wiki_talk_01_cm_size.pdf>
Package pdftex.def Info: figs/wiki_talk_01_cm_size.pdf  used on input line 562.

(pdftex.def)             Requested size: 173.80705pt x 171.91508pt.

LaTeX Warning: `!h' float specifier changed to `!ht'.

<figs/wiki_talk_cm_steps_lfr1.pdf, id=720, 678.25392pt x 398.31497pt>
File: figs/wiki_talk_cm_steps_lfr1.pdf Graphic file (type pdf)
<use figs/wiki_talk_cm_steps_lfr1.pdf>
Package pdftex.def Info: figs/wiki_talk_cm_steps_lfr1.pdf  used on input line 5
69.
(pdftex.def)             Requested size: 291.2458pt x 171.03505pt.
<figs/wiki_talk_1_cm_size.pdf, id=721, 321.63286pt x 318.1323pt>
File: figs/wiki_talk_1_cm_size.pdf Graphic file (type pdf)
<use figs/wiki_talk_1_cm_size.pdf>
Package pdftex.def Info: figs/wiki_talk_1_cm_size.pdf  used on input line 570.
(pdftex.def)             Requested size: 173.80705pt x 171.91508pt.

LaTeX Warning: `!h' float specifier changed to `!ht'.

<figs/wiki_talk_cm_steps_lfr5.pdf, id=722, 678.25392pt x 398.31497pt>
File: figs/wiki_talk_cm_steps_lfr5.pdf Graphic file (type pdf)
<use figs/wiki_talk_cm_steps_lfr5.pdf>
Package pdftex.def Info: figs/wiki_talk_cm_steps_lfr5.pdf  used on input line 5
77.
(pdftex.def)             Requested size: 291.2458pt x 171.03505pt.
<figs/wiki_talk_5_cm_size.pdf, id=723, 321.63286pt x 318.1323pt>
File: figs/wiki_talk_5_cm_size.pdf Graphic file (type pdf)
<use figs/wiki_talk_5_cm_size.pdf>
Package pdftex.def Info: figs/wiki_talk_5_cm_size.pdf  used on input line 578.
(pdftex.def)             Requested size: 173.80705pt x 171.91508pt.

LaTeX Warning: `!h' float specifier changed to `!ht'.

[15

 <./figs/oc_cm_steps_lfr0001.pdf> <./figs/oc_0001_cm_size.pdf

pdfTeX warning: /Library/TeX/texbin/pdflatex (file ./figs/oc_0001_cm_size.pdf):
 PDF inclusion: multiple pdfs with page group included in a single page
> <./figs/oc_cm_steps_lfr01.pdf

pdfTeX warning: /Library/TeX/texbin/pdflatex (file ./figs/oc_cm_steps_lfr01.pdf
): PDF inclusion: multiple pdfs with page group included in a single page
> <./figs/oc_01_cm_size.pdf

pdfTeX warning: /Library/TeX/texbin/pdflatex (file ./figs/oc_01_cm_size.pdf): P
DF inclusion: multiple pdfs with page group included in a single page
>] [16 <./figs/oc_cm_steps_lfr1.pdf> <./figs/oc_1_cm_size.pdf> <./figs/oc_cm_st
eps_lfr5.pdf

pdfTeX warning: /Library/TeX/texbin/pdflatex (file ./figs/oc_cm_steps_lfr5.pdf)
: PDF inclusion: multiple pdfs with page group included in a single page
> <./figs/oc_5_cm_size.pdf>] [17 <./figs/cen_cm_steps_lfr001.pdf> <./figs/cen_0
01_cm_size.pdf> <./figs/cen_cm_steps_lfr1.pdf

pdfTeX warning: /Library/TeX/texbin/pdflatex (file ./figs/cen_cm_steps_lfr1.pdf
): PDF inclusion: multiple pdfs with page group included in a single page
> <./figs/cen_1_cm_size.pdf>] [18 <./figs/cen_cm_steps_lfr5.pdf> <./figs/cen_5_
cm_size.pdf> <./figs/cit_patents_cm_steps_lfr001.pdf> <./figs/cit_patents_001_c
m_size.pdf>] [19 <./figs/cit_patents_cm_steps_lfr1.pdf> <./figs/cit_patents_1_c
m_size.pdf> <./figs/cit_patents_cm_steps_lfr5.pdf> <./figs/cit_patents_5_cm_siz
e.pdf>] [20 <./figs/cit_hepph_cm_steps_lfr001.pdf> <./figs/cit_hepph_001_cm_siz
e.pdf> <./figs/cit_hepph_cm_steps_lfr01.pdf> <./figs/cit_hepph_01_cm_size.pdf>]
[21 <./figs/cit_hepph_cm_steps_lfr1.pdf> <./figs/cit_hepph_1_cm_size.pdf> <./fi
gs/cit_hepph_cm_steps_lfr5.pdf> <./figs/cit_hepph_5_cm_size.pdf>] [22 <./figs/w
iki_topcats_cm_steps_lfr001.pdf> <./figs/wiki_topcats_001_cm_size.pdf> <./figs/
wiki_topcats_cm_steps_lfr01.pdf> <./figs/wiki_topcats_01_cm_size.pdf>] [23 <./f
igs/wiki_topcats_cm_steps_lfr1.pdf> <./figs/wiki_topcats_1_cm_size.pdf> <./figs
/wiki_topcats_cm_steps_lfr5.pdf> <./figs/wiki_topcats_5_cm_size.pdf>] [24 <./fi
gs/wiki_talk_cm_steps_lfr001.pdf> <./figs/wiki_talk_001_cm_size.pdf> <./figs/wi
ki_talk_cm_steps_lfr01.pdf

pdfTeX warning: /Library/TeX/texbin/pdflatex (file ./figs/wiki_talk_cm_steps_lf
r01.pdf): PDF inclusion: multiple pdfs with page group included in a single pag
e
> <./figs/wiki_talk_01_cm_size.pdf>] [25 <./figs/wiki_talk_cm_steps_lfr1.pdf> <
./figs/wiki_talk_1_cm_size.pdf> <./figs/wiki_talk_cm_steps_lfr5.pdf> <./figs/wi
ki_talk_5_cm_size.pdf>] (./cmv1_supplementary_materials.bbl
Underfull \hbox (badness 6808) in paragraph at lines 26--29
[]\OT1/cmr/m/n/10 Liu, B. and Park, M. (2022).  Con-nec-tiv-ity mod-i-fier.  []
[]$\OT1/cmtt/m/n/10 https : / / github . com / RuneBlaze /
 []

)
\Changes@OutFile=\write8
\openout8 = `cmv1_supplementary_materials.soc'.

\tf@loc=\write9
\openout9 = `cmv1_supplementary_materials.loc'.

 [26

]
Package atveryend Info: Empty hook `BeforeClearDocument' on input line 585.
Package atveryend Info: Empty hook `AfterLastShipout' on input line 585.
 (./cmv1_supplementary_materials.aux)
Package atveryend Info: Executing hook `AtVeryEndDocument' on input line 585.
Package atveryend Info: Executing hook `AtEndAfterFileList' on input line 585.
Package rerunfilecheck Info: File `cmv1_supplementary_materials.out' has not ch
anged.
(rerunfilecheck)             Checksum: 66F566C9F748AC19F0FEB7BB246F2754;364.


LaTeX Warning: Label(s) may have changed. Rerun to get cross-references right.

Package atveryend Info: Empty hook `AtVeryVeryEnd' on input line 585.
 ) 
Here is how much of TeX's memory you used:
 23007 strings out of 480608
 425581 string characters out of 5903631
 692512 words of memory out of 5000000
 38256 multiletter control sequences out of 15000+600000
 544796 words of font info for 72 fonts, out of 8000000 for 9000
 1141 hyphenation exceptions out of 8191
 76i,9n,87p,931b,1387s stack positions out of 5000i,500n,10000p,200000b,80000s
{/usr/local/texlive/2020/texmf-dist/fonts/enc/dvips/cm-super/cm-super-ts1.enc
}</usr/local/texlive/2020/texmf-dist/fonts/type1/public/amsfonts/cm/cmbx10.pfb>
</usr/local/texlive/2020/texmf-dist/fonts/type1/public/amsfonts/cm/cmbx12.pfb><
/usr/local/texlive/2020/texmf-dist/fonts/type1/public/amsfonts/cm/cmbx9.pfb></u
sr/local/texlive/2020/texmf-dist/fonts/type1/public/amsfonts/cm/cmmi10.pfb></us
r/local/texlive/2020/texmf-dist/fonts/type1/public/amsfonts/cm/cmmi7.pfb></usr/
local/texlive/2020/texmf-dist/fonts/type1/public/amsfonts/cm/cmmi9.pfb></usr/lo
cal/texlive/2020/texmf-dist/fonts/type1/public/amsfonts/cm/cmr10.pfb></usr/loca
l/texlive/2020/texmf-dist/fonts/type1/public/amsfonts/cm/cmr12.pfb></usr/local/
texlive/2020/texmf-dist/fonts/type1/public/amsfonts/cm/cmr17.pfb></usr/local/te
xlive/2020/texmf-dist/fonts/type1/public/amsfonts/cm/cmr6.pfb></usr/local/texli
ve/2020/texmf-dist/fonts/type1/public/amsfonts/cm/cmr7.pfb></usr/local/texlive/
2020/texmf-dist/fonts/type1/public/amsfonts/cm/cmr8.pfb></usr/local/texlive/202
0/texmf-dist/fonts/type1/public/amsfonts/cm/cmr9.pfb></usr/local/texlive/2020/t
exmf-dist/fonts/type1/public/amsfonts/cm/cmsy10.pfb></usr/local/texlive/2020/te
xmf-dist/fonts/type1/public/amsfonts/cm/cmti10.pfb></usr/local/texlive/2020/tex
mf-dist/fonts/type1/public/amsfonts/cm/cmti9.pfb></usr/local/texlive/2020/texmf
-dist/fonts/type1/public/amsfonts/cm/cmtt10.pfb></usr/local/texlive/2020/texmf-
dist/fonts/type1/public/amsfonts/cm/cmtt9.pfb></usr/local/texlive/2020/texmf-di
st/fonts/type1/public/cm-super/sfrm0600.pfb></usr/local/texlive/2020/texmf-dist
/fonts/type1/public/cm-super/sfrm0800.pfb></usr/local/texlive/2020/texmf-dist/f
onts/type1/public/cm-super/sfrm1000.pfb></usr/local/texlive/2020/texmf-dist/fon
ts/type1/public/cm-super/sftt0900.pfb>
Output written on cmv1_supplementary_materials.pdf (26 pages, 2157225 bytes).
PDF statistics:
 3050 PDF objects out of 3580 (max. 8388607)
 713 compressed objects within 8 object streams
 104 named destinations out of 1000 (max. 500000)
 404 words of extra memory for PDF output out of 10000 (max. 10000000)

